===============================================================
Gobuster v3.2.0-dev
by OJ Reeves (@TheColonial) & Christian Mehlmauer (@firefart)
===============================================================
[+] Url:                     http://10.10.86.32:1234
[+] Method:                  GET
[+] Threads:                 100
[+] Wordlist:                /usr/share/dirbuster/wordlists/directory-list-lowercase-2.3-small.txt
[+] Negative Status codes:   404
[+] User Agent:              gobuster/3.2.0-dev
[+] Extensions:              html,php,txt
[+] Timeout:                 10s
===============================================================
2022/11/11 00:06:57 Starting gobuster in directory enumeration mode
===============================================================
[2K/docs                 (Status: 302) [Size: 0] [--> /docs/]
[2K/examples             (Status: 302) [Size: 0] [--> /examples/]
[2K/manager              (Status: 302) [Size: 0] [--> /manager/]
[2K/http%3a%2f%2fwww     (Status: 400) [Size: 0]
[2K/http%3a%2f%2fwww.php (Status: 400) [Size: 0]
[2K/http%3a%2f%2fwww.txt (Status: 400) [Size: 0]
[2K/http%3a%2f%2fwww.html (Status: 400) [Size: 0]
