===============================================================
Gobuster v3.2.0-dev
by OJ Reeves (@TheColonial) & Christian Mehlmauer (@firefart)
===============================================================
[+] Url:                     http://10.10.86.32
[+] Method:                  GET
[+] Threads:                 100
[+] Wordlist:                /usr/share/dirbuster/wordlists/directory-list-lowercase-2.3-small.txt
[+] Negative Status codes:   404
[+] User Agent:              gobuster/3.2.0-dev
[+] Extensions:              php,txt,html
[+] Timeout:                 10s
===============================================================
2022/11/10 23:54:18 Starting gobuster in directory enumeration mode
===============================================================
[2K/index.html           (Status: 200) [Size: 168]
[2K/.html                (Status: 403) [Size: 291]
[2K/guidelines           (Status: 301) [Size: 315] [--> http://10.10.86.32/guidelines/]
[2K/protected            (Status: 401) [Size: 458]
[2K/.html                (Status: 403) [Size: 291]
