===============================================================
Gobuster v3.2.0-dev
by OJ Reeves (@TheColonial) & Christian Mehlmauer (@firefart)
===============================================================
[+] Url:                     http://10.10.37.45
[+] Method:                  GET
[+] Threads:                 100
[+] Wordlist:                /usr/share/dirbuster/wordlists/directory-list-lowercase-2.3-small.txt
[+] Negative Status codes:   404
[+] User Agent:              gobuster/3.2.0-dev
[+] Extensions:              php,txt,html
[+] Timeout:                 10s
===============================================================
2022/11/08 19:47:46 Starting gobuster in directory enumeration mode
===============================================================
/index.html           (Status: 301) [Size: 0] [--> ./]
/img                  (Status: 301) [Size: 0] [--> img/]
/r                    (Status: 301) [Size: 0] [--> r/]
/poem                 (Status: 301) [Size: 0] [--> poem/]
/http%3a%2f%2fwww     (Status: 301) [Size: 0] [--> /http:/www]
/http%3a%2f%2fwww.php (Status: 301) [Size: 0] [--> /http:/www.php]
/http%3a%2f%2fwww.txt (Status: 301) [Size: 0] [--> /http:/www.txt]
/http%3a%2f%2fwww.html (Status: 301) [Size: 0] [--> /http:/www.html]
Progress: 128546 / 326576 (39.36%)