===============================================================
Gobuster v3.2.0-dev
by OJ Reeves (@TheColonial) & Christian Mehlmauer (@firefart)
===============================================================
[+] Url:                     http://10.10.181.248
[+] Method:                  GET
[+] Threads:                 100
[+] Wordlist:                /usr/share/dirbuster/wordlists/directory-list-lowercase-2.3-small.txt
[+] Negative Status codes:   404
[+] User Agent:              gobuster/3.2.0-dev
[+] Extensions:              html,php,txt
[+] Timeout:                 10s
===============================================================
2022/11/03 21:35:46 Starting gobuster in directory enumeration mode
===============================================================
[2K/index.php            (Status: 200) [Size: 616]
[2K/uploads              (Status: 301) [Size: 316] [--> http://10.10.181.248/uploads/]
[2K/.html                (Status: 403) [Size: 278]
[2K/.php                 (Status: 403) [Size: 278]
[2K/css                  (Status: 301) [Size: 312] [--> http://10.10.181.248/css/]
[2K/js                   (Status: 301) [Size: 311] [--> http://10.10.181.248/js/]
[2K/panel                (Status: 301) [Size: 314] [--> http://10.10.181.248/panel/]
[2K/.php                 (Status: 403) [Size: 278]
[2K/.html                (Status: 403) [Size: 278]
===============================================================
2022/11/03 21:46:07 Finished
===============================================================
