===============================================================
Gobuster v3.2.0-dev
by OJ Reeves (@TheColonial) & Christian Mehlmauer (@firefart)
===============================================================
[+] Url:                     http://10.10.231.170
[+] Method:                  GET
[+] Threads:                 100
[+] Wordlist:                /usr/share/dirbuster/wordlists/directory-list-lowercase-2.3-small.txt
[+] Negative Status codes:   404
[+] User Agent:              gobuster/3.2.0-dev
[+] Extensions:              html,php,txt
[+] Timeout:                 10s
===============================================================
2022/11/12 19:51:12 Starting gobuster in directory enumeration mode
===============================================================
[2K/.html                (Status: 403) [Size: 278]
[2K/.php                 (Status: 403) [Size: 278]
[2K/files                (Status: 301) [Size: 314] [--> http://10.10.231.170/files/]
[2K/index.html           (Status: 200) [Size: 808]
[2K/.php                 (Status: 403) [Size: 278]
[2K/.html                (Status: 403) [Size: 278]
===============================================================
2022/11/12 20:01:37 Finished
===============================================================
