# Nmap 7.93 scan initiated Mon Nov 14 09:31:46 2022 as: nmap -sC -sV -oN nmap.log 10.10.79.184
Nmap scan report for 10.10.79.184
Host is up (0.18s latency).
Not shown: 996 closed tcp ports (conn-refused)
PORT     STATE SERVICE    VERSION
22/tcp   open  ssh        OpenSSH 7.2p2 Ubuntu 4ubuntu2.8 (Ubuntu Linux; protocol 2.0)
| ssh-hostkey: 
|   2048 f3c89f0b6ac5fe95540be9e3ba93db7c (RSA)
|   256 dd1a09f59963a3430d2d90d8e3e11fb9 (ECDSA)
|_  256 48d1301b386cc653ea3081805d0cf105 (ED25519)
53/tcp   open  tcpwrapped
8009/tcp open  ajp13      Apache Jserv (Protocol v1.3)
| ajp-methods: 
|_  Supported methods: GET HEAD POST OPTIONS
8080/tcp open  http       Apache Tomcat 9.0.30
|_http-title: Apache Tomcat/9.0.30
|_http-favicon: Apache Tomcat
Service Info: OS: Linux; CPE: cpe:/o:linux:linux_kernel

Service detection performed. Please report any incorrect results at https://nmap.org/submit/ .
# Nmap done at Mon Nov 14 09:32:21 2022 -- 1 IP address (1 host up) scanned in 34.99 seconds
