===============================================================
Gobuster v3.2.0-dev
by OJ Reeves (@TheColonial) & Christian Mehlmauer (@firefart)
===============================================================
[+] Url:                     http://10.10.150.0
[+] Method:                  GET
[+] Threads:                 100
[+] Wordlist:                /usr/share/dirbuster/wordlists/directory-list-lowercase-2.3-small.txt
[+] Negative Status codes:   404
[+] User Agent:              gobuster/3.2.0-dev
[+] Extensions:              html,php,txt
[+] Timeout:                 10s
===============================================================
2022/11/04 20:22:28 Starting gobuster in directory enumeration mode
===============================================================
[2K/.html                (Status: 403) [Size: 276]
[2K/index.html           (Status: 200) [Size: 969]
[2K/images               (Status: 301) [Size: 311] [--> http://10.10.150.0/images/]
[2K/.html                (Status: 403) [Size: 276]
===============================================================
2022/11/04 20:34:27 Finished
===============================================================
