# Nmap 7.93 scan initiated Fri Nov  4 20:18:04 2022 as: nmap -sC -sV -oN nmap.log 10.10.150.0
Nmap scan report for 10.10.150.0
Host is up (0.18s latency).
Not shown: 967 filtered tcp ports (no-response), 30 closed tcp ports (conn-refused)
PORT   STATE SERVICE VERSION
21/tcp open  ftp     vsftpd 3.0.3
| ftp-syst: 
|   STAT: 
| FTP server status:
|      Connected to ::ffff:10.18.25.169
|      Logged in as ftp
|      TYPE: ASCII
|      No session bandwidth limit
|      Session timeout in seconds is 300
|      Control connection is plain text
|      Data connections will be plain text
|      At session startup, client count was 4
|      vsFTPd 3.0.3 - secure, fast, stable
|_End of status
| ftp-anon: Anonymous FTP login allowed (FTP code 230)
|_Can't get directory listing: TIMEOUT
22/tcp open  ssh     OpenSSH 7.2p2 Ubuntu 4ubuntu2.8 (Ubuntu Linux; protocol 2.0)
| ssh-hostkey: 
|   2048 dcf8dfa7a6006d18b0702ba5aaa6143e (RSA)
|   256 ecc0f2d91e6f487d389ae3bb08c40cc9 (ECDSA)
|_  256 a41a15a5d4b1cf8f16503a7dd0d813c2 (ED25519)
80/tcp open  http    Apache httpd 2.4.18 ((Ubuntu))
|_http-title: Site doesn't have a title (text/html).
|_http-server-header: Apache/2.4.18 (Ubuntu)
Service Info: OSs: Unix, Linux; CPE: cpe:/o:linux:linux_kernel

Service detection performed. Please report any incorrect results at https://nmap.org/submit/ .
# Nmap done at Fri Nov  4 20:18:56 2022 -- 1 IP address (1 host up) scanned in 52.12 seconds
