===============================================================
Gobuster v3.2.0-dev
by OJ Reeves (@TheColonial) & Christian Mehlmauer (@firefart)
===============================================================
[+] Url:                     http://10.10.106.160
[+] Method:                  GET
[+] Threads:                 100
[+] Wordlist:                /usr/share/dirbuster/wordlists/directory-list-lowercase-2.3-small.txt
[+] Negative Status codes:   404
[+] User Agent:              gobuster/3.2.0-dev
[+] Extensions:              php,txt,html
[+] Timeout:                 10s
===============================================================
2022/11/02 21:06:40 Starting gobuster in directory enumeration mode
===============================================================
/login.php            (Status: 200) [Size: 882]
/.html                (Status: 403) [Size: 293]
/.php                 (Status: 403) [Size: 292]
/index.html           (Status: 200) [Size: 1062]
/assets               (Status: 301) [Size: 315] [--> http://10.10.106.160/assets/]
/portal.php           (Status: 302) [Size: 0] [--> /login.php]
/robots.txt           (Status: 200) [Size: 17]