===============================================================
Gobuster v3.2.0-dev
by OJ Reeves (@TheColonial) & Christian Mehlmauer (@firefart)
===============================================================
[+] Url:                     http://10.10.146.191
[+] Method:                  GET
[+] Threads:                 100
[+] Wordlist:                /usr/share/dirbuster/wordlists/directory-list-lowercase-2.3-small.txt
[+] Negative Status codes:   404
[+] User Agent:              gobuster/3.2.0-dev
[+] Extensions:              php,txt,html
[+] Timeout:                 10s
===============================================================
2022/11/16 23:39:41 Starting gobuster in directory enumeration mode
===============================================================
[2K/index.php            (Status: 200) [Size: 16597]
[2K/index                (Status: 200) [Size: 16597]
[2K/.html                (Status: 403) [Size: 293]
[2K/.php                 (Status: 403) [Size: 292]
[2K/0                    (Status: 200) [Size: 16597]
[2K/assets               (Status: 301) [Size: 315] [--> http://10.10.146.191/assets/]
[2K/robots.txt           (Status: 200) [Size: 30]
[2K/'.php                (Status: 400) [Size: 1134]
[2K/'.txt                (Status: 400) [Size: 1134]
[2K/'.html               (Status: 400) [Size: 1134]
[2K/'                    (Status: 400) [Size: 1134]
