# Nmap 7.93 scan initiated Mon Nov 21 17:56:24 2022 as: nmap -sC -sV -oN nmap.log 10.10.50.10
Nmap scan report for 10.10.50.10
Host is up (0.19s latency).
Not shown: 988 closed tcp ports (conn-refused)
PORT      STATE SERVICE            VERSION
80/tcp    open  http               Microsoft IIS httpd 8.5
|_http-server-header: Microsoft-IIS/8.5
| http-methods: 
|_  Potentially risky methods: TRACE
|_http-title: Site doesn't have a title (text/html).
135/tcp   open  msrpc              Microsoft Windows RPC
139/tcp   open  netbios-ssn        Microsoft Windows netbios-ssn
445/tcp   open  microsoft-ds       Microsoft Windows Server 2008 R2 - 2012 microsoft-ds
3389/tcp  open  ssl/ms-wbt-server?
| ssl-cert: Subject: commonName=steelmountain
| Not valid before: 2022-11-20T12:24:38
|_Not valid after:  2023-05-22T12:24:38
|_ssl-date: 2022-11-21T12:28:20+00:00; 0s from scanner time.
| rdp-ntlm-info: 
|   Target_Name: STEELMOUNTAIN
|   NetBIOS_Domain_Name: STEELMOUNTAIN
|   NetBIOS_Computer_Name: STEELMOUNTAIN
|   DNS_Domain_Name: steelmountain
|   DNS_Computer_Name: steelmountain
|   Product_Version: 6.3.9600
|_  System_Time: 2022-11-21T12:28:15+00:00
8080/tcp  open  http               HttpFileServer httpd 2.3
|_http-server-header: HFS 2.3
|_http-title: HFS /
49152/tcp open  msrpc              Microsoft Windows RPC
49153/tcp open  msrpc              Microsoft Windows RPC
49154/tcp open  msrpc              Microsoft Windows RPC
49155/tcp open  msrpc              Microsoft Windows RPC
49156/tcp open  msrpc              Microsoft Windows RPC
49163/tcp open  msrpc              Microsoft Windows RPC
Service Info: OSs: Windows, Windows Server 2008 R2 - 2012; CPE: cpe:/o:microsoft:windows

Host script results:
| smb2-security-mode: 
|   302: 
|_    Message signing enabled but not required
|_nbstat: NetBIOS name: STEELMOUNTAIN, NetBIOS user: <unknown>, NetBIOS MAC: 0242b7707211 (unknown)
| smb-security-mode: 
|   account_used: guest
|   authentication_level: user
|   challenge_response: supported
|_  message_signing: disabled (dangerous, but default)
| smb2-time: 
|   date: 2022-11-21T12:28:14
|_  start_date: 2022-11-21T12:24:31

Service detection performed. Please report any incorrect results at https://nmap.org/submit/ .
# Nmap done at Mon Nov 21 17:58:20 2022 -- 1 IP address (1 host up) scanned in 116.16 seconds
